<?xml version="1.0" encoding="UTF-8"?>
<!-- Generated by org.testng.reporters.JUnitReportReporter -->
<testsuite skipped="0" hostname="LokeshC2-BLD" name="com.tests.FirstTest" tests="1" failures="0" timestamp="2020-04-29T13:41:17 IST" time="146.004" errors="0">
  <testcase name="test1" time="146.004" classname="com.tests.FirstTest"/>
  <system-out/>
</testsuite> <!-- com.tests.FirstTest -->
